{
library : {
name   : "UmatBehaviour";
type   : SHARED_LIBRARY;
prefix : "lib";
suffix : "so";
install_path : "";
sources : {
"umatMonoCristal_UO2.cxx",
"MonoCristal_UO2.cxx"
};
cppflags : {
"$(shell tfel-config --cppflags --compiler-flags)",
"-DLINUX64 -DUNIX64 -DTHREAD"
};
include_directories : {
"$(shell tfel-config --include-path)"
};
link_directories : {
"$(shell tfel-config --library-path)"
};
link_libraries : {
"CastemInterface",
"$(shell tfel-config --library-dependency --material --mfront-profiling)"
};
epts : {
"umatmonocristal_uo2"
};
};
headers : {
"MFront/Castem/umatMonoCristal_UO2.hxx",
"TFEL/Material/MonoCristal_UO2.hxx",
"TFEL/Material/MonoCristal_UO2BehaviourData.hxx",
"TFEL/Material/MonoCristal_UO2IntegrationData.hxx",
"TFEL/Material/MonoCristal_UO2SlipSystems.hxx",
"TFEL/Material/MonoCristal_UO2SlipSystems.ixx"
};
};
